<?xml version="1.0" encoding="UTF-8"?>
<testng-results ignored="0" total="1" passed="1" failed="0" skipped="0">
  <reporter-output>
    <line>
      <![CDATA[running verify userID]]>
    </line>
    <line>
      <![CDATA[logout the application]]>
    </line>
    <line>
      <![CDATA[close the application]]>
    </line>
  </reporter-output>
  <suite started-at="2022-09-06T16:30:23 IST" name="Default suite" finished-at="2022-09-06T16:31:27 IST" duration-ms="63596">
    <groups>
    </groups>
    <test started-at="2022-09-06T16:30:23 IST" name="Default test" finished-at="2022-09-06T16:31:27 IST" duration-ms="63596">
      <class name="Kite_Test.Test_Class">
        <test-method is-config="true" signature="openBrowser()[pri:0, instance:Kite_Test.Test_Class@1e0b4072]" started-at="2022-09-06T16:30:23 IST" name="openBrowser" finished-at="2022-09-06T16:31:05 IST" duration-ms="41740" status="PASS">
          <reporter-output>
          </reporter-output>
        </test-method> <!-- openBrowser -->
        <test-method is-config="true" signature="loginToApp()[pri:0, instance:Kite_Test.Test_Class@1e0b4072]" started-at="2022-09-06T16:31:05 IST" name="loginToApp" finished-at="2022-09-06T16:31:18 IST" duration-ms="12355" status="PASS">
          <reporter-output>
          </reporter-output>
        </test-method> <!-- loginToApp -->
        <test-method signature="verifyuserID()[pri:0, instance:Kite_Test.Test_Class@1e0b4072]" started-at="2022-09-06T16:31:18 IST" name="verifyuserID" finished-at="2022-09-06T16:31:27 IST" duration-ms="9245" status="PASS">
          <reporter-output>
            <line>
              <![CDATA[running verify userID]]>
            </line>
          </reporter-output>
        </test-method> <!-- verifyuserID -->
        <test-method is-config="true" signature="logoutApp()[pri:0, instance:Kite_Test.Test_Class@1e0b4072]" started-at="2022-09-06T16:31:27 IST" name="logoutApp" finished-at="2022-09-06T16:31:27 IST" duration-ms="2" status="PASS">
          <reporter-output>
            <line>
              <![CDATA[logout the application]]>
            </line>
          </reporter-output>
        </test-method> <!-- logoutApp -->
        <test-method is-config="true" signature="closeBrowser()[pri:0, instance:Kite_Test.Test_Class@1e0b4072]" started-at="2022-09-06T16:31:27 IST" name="closeBrowser" finished-at="2022-09-06T16:31:27 IST" duration-ms="1" status="PASS">
          <reporter-output>
            <line>
              <![CDATA[close the application]]>
            </line>
          </reporter-output>
        </test-method> <!-- closeBrowser -->
      </class> <!-- Kite_Test.Test_Class -->
    </test> <!-- Default test -->
  </suite> <!-- Default suite -->
</testng-results>
